<?xml version="1.0" encoding="UTF-8"?>
<testsuite name="ru.nsu.spirin.logoworld.commands.MoveCommandTest" tests="1" skipped="0" failures="0" errors="0" timestamp="2021-03-11T06:07:45" hostname="LAPTOP-V8SAHQ8Q" time="0.006">
  <properties/>
  <testcase name="validateArgs()" classname="ru.nsu.spirin.logoworld.commands.MoveCommandTest" time="0.006"/>
  <system-out><![CDATA[]]></system-out>
  <system-err><![CDATA[]]></system-err>
</testsuite>
