<?xml version="1.0" encoding="UTF-8"?>
<testsuite name="ru.nsu.spirin.logoworld.commands.WardCommandTest" tests="1" skipped="0" failures="0" errors="0" timestamp="2021-02-26T14:26:28" hostname="LAPTOP-V8SAHQ8Q" time="0.001">
  <properties/>
  <testcase name="validateArgs()" classname="ru.nsu.spirin.logoworld.commands.WardCommandTest" time="0.001"/>
  <system-out><![CDATA[]]></system-out>
  <system-err><![CDATA[]]></system-err>
</testsuite>
